Arguments: 
  /usr/bin/nodejs /usr/share/yarn/bin/yarn.js add winston

PATH: 
  /usr/local/bin:/usr/bin:/bin:/usr/local/games:/usr/games

Yarn version: 
  0.27.5

Node version: 
  6.11.1

Platform: 
  linux ia32

npm manifest: 
  {
    "name": "coldjar",
    "version": "1.0.0",
    "description": "",
    "main": "index.js",
    "scripts": {
      "test": "echo \"Error: no test specified\" && exit 1"
    },
    "author": "",
    "license": "ISC",
    "dependencies": {
      "html2canvas": "^0.5.0-beta4",
      "socket.io": "^2.0.3",
      "socket.io-client": "^2.0.3",
      "videoshow": "^0.1.11"
    }
  }

yarn manifest: 
  No manifest

Lockfile: 
  # THIS IS AN AUTOGENERATED FILE. DO NOT EDIT THIS FILE DIRECTLY.
  # yarn lockfile v1
  
  
  html2canvas@^0.5.0-beta4:
    version "0.5.0-beta4"
    resolved "https://registry.yarnpkg.com/html2canvas/-/html2canvas-0.5.0-beta4.tgz#8282c62ac5fd78168f5702b5e4877157ca93f39e"

Trace: 
  Error: getaddrinfo ENOTFOUND registry.yarnpkg.com registry.yarnpkg.com:443
      at errnoException (dns.js:28:10)
      at GetAddrInfoReqWrap.onlookup [as oncomplete] (dns.js:76:26)
